#separator \x09
#set_separator	,
#empty_field	(empty)
#unset_field	-
#path	ocsp
#open	2025-10-06-13-57-07
#fields	ts	id	hashAlgorithm	issuerNameHash	issuerKeyHash	serialNumber	certStatus	revoketime	revokereason	thisUpdate	nextUpdate
#types	time	string	string	string	string	string	string	time	string	time	time
1755774890.376525	FLF1bUukKvw9jvCg4	sha1	E475019DC323E226741D6C40390795F90596462E	3B70D153E976259D60A8CA660FC69BAE6F54166A	330276D2A3D4868622B5F88D4500000276D2A3	good	-	-	1755310388.000000	1756002788.000000
1755774947.433697	FeGNgD1KgVzEVynxZ	sha1	958E4B562A2D6135083B4D4851F9E57FF5E02245	811192DE6632A5B05B333D654385FCD4042DF1AE	4BBFC868F38EA5989F5B8C635848D36A	good	-	-	1755622700.000000	1756227499.000000
1755774947.638197	FKPVw73AnqzpJ9yiwe	sha1	958E4B562A2D6135083B4D4851F9E57FF5E02245	811192DE6632A5B05B333D654385FCD4042DF1AE	4BBFC868F38EA5989F5B8C635848D36A	good	-	-	1755622700.000000	1756227499.000000
1755774947.638217	FNnP3i2hxesUDdDtIe	sha1	958E4B562A2D6135083B4D4851F9E57FF5E02245	811192DE6632A5B05B333D654385FCD4042DF1AE	4BBFC868F38EA5989F5B8C635848D36A	good	-	-	1755622700.000000	1756227499.000000
1755774948.570842	FufVr812DQg94zoGRh	sha1	EE309C404F6B6B6256B48E26BFE4451298BAE4DD	75BEC477AE89F644377DCFB1681F1D1AEBDC3459	6731CB5546847E3810903A15727DCDF0	good	-	-	1755697939.000000	1756299138.000000
1755774948.751820	FjgAu4Cxe5lQO7Wsf	sha1	EE309C404F6B6B6256B48E26BFE4451298BAE4DD	75BEC477AE89F644377DCFB1681F1D1AEBDC3459	6731CB5546847E3810903A15727DCDF0	good	-	-	1755697939.000000	1756299138.000000
1755774949.270645	FaL148eRszHku0tZf	sha1	EE309C404F6B6B6256B48E26BFE4451298BAE4DD	75BEC477AE89F644377DCFB1681F1D1AEBDC3459	30A6166F0E59C3850AE0E84E12B33AA6	good	-	-	1755693127.000000	1756294326.000000
1755774949.448194	FU4zPJ1FPGnBM0bSbf	sha1	EE309C404F6B6B6256B48E26BFE4451298BAE4DD	75BEC477AE89F644377DCFB1681F1D1AEBDC3459	30A6166F0E59C3850AE0E84E12B33AA6	good	-	-	1755693127.000000	1756294326.000000
1755774950.076823	FMkdLFZOxVnKKmus6	sha1	EE309C404F6B6B6256B48E26BFE4451298BAE4DD	75BEC477AE89F644377DCFB1681F1D1AEBDC3459	CF6660720CEB3DF3124E3618E3219684	good	-	-	1755693129.000000	1756294328.000000
1755774950.265091	FJnambryTtMgMMiF2	sha1	EE309C404F6B6B6256B48E26BFE4451298BAE4DD	75BEC477AE89F644377DCFB1681F1D1AEBDC3459	0A8D497AAC4C4D9410A6911C22EE555E	good	-	-	1755697939.000000	1756299138.000000
1755774960.197141	FxGZV13ia4RXZDNIZc	sha1	7624DB6BD09C44BD8C92A5BC8159AA8199E6A50A	CE15163BEA02A3A66BDAD92BFDE58C52BE7A50A8	330224620CDA8A91514698DD2100000224620C	good	-	-	1755367989.000000	1756060389.000000
1755775024.042810	Fx7ch11AJOM0Ft2sj2	sha1	105FA67A80089DB5279F35CE830B43889EA3C70D	0F80611C823161D52F28E78D4638B42CE1C6D9E2	04E62CFF85B1EBA7903529A340C5FC9F	good	-	-	1755691022.000000	1756292222.000000
1755775024.796643	FKGmYM3BRWCE7EVC34	sha1	D59B1737698FEF4B16C817B7FE1508CD425E20F2	35F1E7113268E6B2C8DA71E670F3E83CB80E071B	33000067B48635A2ECA902AD2C0000000067B4	good	-	-	1755281589.000000	1755973989.000000
1755775025.941335	FoatU34K0BaqPa4tZ8	sha1	D59B1737698FEF4B16C817B7FE1508CD425E20F2	35F1E7113268E6B2C8DA71E670F3E83CB80E071B	33000067B48635A2ECA902AD2C0000000067B4	good	-	-	1755281589.000000	1755973989.000000
1755775026.582477	FvQdnn43wGlxvSsKme	sha1	D59B1737698FEF4B16C817B7FE1508CD425E20F2	35F1E7113268E6B2C8DA71E670F3E83CB80E071B	33000067B48635A2ECA902AD2C0000000067B4	good	-	-	1755281589.000000	1755973989.000000
1755775026.587684	FseNns4LwwANNEOmw2	sha1	D59B1737698FEF4B16C817B7FE1508CD425E20F2	35F1E7113268E6B2C8DA71E670F3E83CB80E071B	33000067B48635A2ECA902AD2C0000000067B4	good	-	-	1755281589.000000	1755973989.000000
1755775026.604162	FmCIh8C9ceoYomOzb	sha1	D59B1737698FEF4B16C817B7FE1508CD425E20F2	35F1E7113268E6B2C8DA71E670F3E83CB80E071B	33000067B48635A2ECA902AD2C0000000067B4	good	-	-	1755281589.000000	1755973989.000000
1755775026.610024	FbzFRLgI9Vngeq6F8	sha1	D59B1737698FEF4B16C817B7FE1508CD425E20F2	35F1E7113268E6B2C8DA71E670F3E83CB80E071B	33000067B48635A2ECA902AD2C0000000067B4	good	-	-	1755281589.000000	1755973989.000000
1755775026.732766	FyEp7i1xWhs2QyFkff	sha1	7624DB6BD09C44BD8C92A5BC8159AA8199E6A50A	CE15163BEA02A3A66BDAD92BFDE58C52BE7A50A8	33020185729B7620CD6062DCCC000002018572	good	-	-	1755627364.000000	1756319764.000000
1755775026.900162	F8DBQn3qCjDJ5K6My3	sha1	39D28B71FE1D19B65FB3F1288F23BC04595C4395	4E2254201895E6E36EE60FFAFAB912ED06178F39	0A43A9509B01352F899579EC7208BA50	good	-	-	1755716573.000000	1756321373.000000
1755775027.001429	FR0ykJ3oSsbNo3DW7h	sha1	5060343D3B34B7408B5B64FD1D09C5346FF833F2	C35EAC4076C0064DE32B9499306073349829C651	330000C110F08C926F3A85D11200000000C110	good	-	-	1755310388.000000	1756002788.000000
1755775027.001445	FrkIxW3C9dH1Gvz2T6	sha1	5060343D3B34B7408B5B64FD1D09C5346FF833F2	C35EAC4076C0064DE32B9499306073349829C651	330000C110F08C926F3A85D11200000000C110	good	-	-	1755310388.000000	1756002788.000000
1755775027.003443	F2BnMJ3h1x3A2PEY5	sha1	5060343D3B34B7408B5B64FD1D09C5346FF833F2	C35EAC4076C0064DE32B9499306073349829C651	330000C110F08C926F3A85D11200000000C110	good	-	-	1755310388.000000	1756002788.000000
1755775027.005898	Fk2NA41693bnPSX4kd	sha1	5060343D3B34B7408B5B64FD1D09C5346FF833F2	C35EAC4076C0064DE32B9499306073349829C651	330000C110F08C926F3A85D11200000000C110	good	-	-	1755310388.000000	1756002788.000000
1755775027.005929	F1RKjXNk48ZeRolFc	sha1	5060343D3B34B7408B5B64FD1D09C5346FF833F2	C35EAC4076C0064DE32B9499306073349829C651	330000C110F08C926F3A85D11200000000C110	good	-	-	1755310388.000000	1756002788.000000
1755775027.006083	FCKgXK1JxsGmvuNfml	sha1	5060343D3B34B7408B5B64FD1D09C5346FF833F2	C35EAC4076C0064DE32B9499306073349829C651	330000C110F08C926F3A85D11200000000C110	good	-	-	1755310388.000000	1756002788.000000
1755775027.106115	Fsk6or4lzXRADtPEXa	sha1	EB8EBC9D472B7E0291771923F2A5F1C1C51E57B5	B3DB48A4F9A1C5D8AE3641CC1163696229BC4BC6	0F1F157582CDCD33734BDC5FCD941A33	good	-	-	1755716715.000000	1756321515.000000
1755775027.927930	F4SC3y3c3UfwTYBdWc	sha1	5060343D3B34B7408B5B64FD1D09C5346FF833F2	C35EAC4076C0064DE32B9499306073349829C651	330000C110F08C926F3A85D11200000000C110	good	-	-	1755310388.000000	1756002788.000000
1755775027.965457	FAXxhKYrKfvja1Jp	sha1	D59B1737698FEF4B16C817B7FE1508CD425E20F2	35F1E7113268E6B2C8DA71E670F3E83CB80E071B	330000E38ACE7A1D5208EDD6FA00000000E38A	good	-	-	1755195189.000000	1755887589.000000
1755775027.966025	FnrGgA4SAb51O7Upc5	sha1	D59B1737698FEF4B16C817B7FE1508CD425E20F2	35F1E7113268E6B2C8DA71E670F3E83CB80E071B	330000E38ACE7A1D5208EDD6FA00000000E38A	good	-	-	1755195189.000000	1755887589.000000
1755775027.966069	FHBhEY2x9HsjCVfkc7	sha1	D59B1737698FEF4B16C817B7FE1508CD425E20F2	35F1E7113268E6B2C8DA71E670F3E83CB80E071B	330000E38ACE7A1D5208EDD6FA00000000E38A	good	-	-	1755195189.000000	1755887589.000000
1755775027.967091	FCu9aA1eKhWrGD30l	sha1	D59B1737698FEF4B16C817B7FE1508CD425E20F2	35F1E7113268E6B2C8DA71E670F3E83CB80E071B	330000E38ACE7A1D5208EDD6FA00000000E38A	good	-	-	1755195189.000000	1755887589.000000
1755775027.974907	FCwVMU2lVOVuk4kgIb	sha1	D59B1737698FEF4B16C817B7FE1508CD425E20F2	35F1E7113268E6B2C8DA71E670F3E83CB80E071B	330000E38ACE7A1D5208EDD6FA00000000E38A	good	-	-	1755195189.000000	1755887589.000000
1755775027.976733	FzTCx72s79fJigGVag	sha1	D59B1737698FEF4B16C817B7FE1508CD425E20F2	35F1E7113268E6B2C8DA71E670F3E83CB80E071B	330000E38ACE7A1D5208EDD6FA00000000E38A	good	-	-	1755195189.000000	1755887589.000000
1755775028.153006	Fi3mnaDrhDwk7QdV5	sha1	D59B1737698FEF4B16C817B7FE1508CD425E20F2	35F1E7113268E6B2C8DA71E670F3E83CB80E071B	330000E38ACE7A1D5208EDD6FA00000000E38A	good	-	-	1755195189.000000	1755887589.000000
1755775028.281600	FhTQgW1U9emFnIMErd	sha1	D59B1737698FEF4B16C817B7FE1508CD425E20F2	35F1E7113268E6B2C8DA71E670F3E83CB80E071B	33000067B48635A2ECA902AD2C0000000067B4	good	-	-	1755281589.000000	1755973989.000000
1755775028.283832	FMyOq91QKDoDr2NGq5	sha1	D59B1737698FEF4B16C817B7FE1508CD425E20F2	35F1E7113268E6B2C8DA71E670F3E83CB80E071B	33000067B48635A2ECA902AD2C0000000067B4	good	-	-	1755281589.000000	1755973989.000000
1755775028.380618	F2fIcUmwaTAUscFab	sha1	D59B1737698FEF4B16C817B7FE1508CD425E20F2	35F1E7113268E6B2C8DA71E670F3E83CB80E071B	33000067B48635A2ECA902AD2C0000000067B4	good	-	-	1755281589.000000	1755973989.000000
1755775036.896951	FQ9k3433MfA8rnRvG1	sha1	98F90032A9C065EB3C4FA8510E4C8DB8A7101603	A5B4D6EB36C4E76BA6DFC4640B012A2004B86623	02B789598B3BE34483EAAB7B87213B84	good	-	-	1755764821.000000	1756366021.000000
1755775036.965408	FAAwaO3RDTFksEqaWa	sha1	8051060132AD9AC27D5187A0E887FB01620155EE	03DE503556D14CBB66F0A3E21B1BC397B23DD155	0F622F6F21C2FF5D521F723A1D47D62D	good	-	-	1755715060.000000	1756319860.000000
1755775051.136866	FItekG4lSL9DmuOlW7	sha1	1BC66318D19B621575EEB02B7469CD52D59A2AE2	F67E2FBD80A34AB2705BEBDF9A1FD8EDCA618007	33021E53B4F1DFDA5E21151EFE0000021E53B4	good	-	-	1755540788.000000	1756233188.000000
#close	2025-10-06-13-57-07
