#separator \x09
#set_separator	,
#empty_field	(empty)
#unset_field	-
#path	ocsp
#open	2025-09-18-11-42-39
#fields	ts	id	hashAlgorithm	issuerNameHash	issuerKeyHash	serialNumber	certStatus	revoketime	revokereason	thisUpdate	nextUpdate
#types	time	string	string	string	string	string	string	time	string	time	time
1595006621.611779	FIWctrM764UQetP9a	sha1	881A4A74FEFF4652F354BB510FD3A4EEEFE0A1C8	919E3B446C3D579C42772A34D74FD1CC4A972CDA	20000CAD65C40DFFE412D893EE0000000CAD65	good	-	-	1594781802.000000	1595127402.000000
1595006621.854581	FRqhz62ocGjhBoYGH5	sha1	881A4A74FEFF4652F354BB510FD3A4EEEFE0A1C8	919E3B446C3D579C42772A34D74FD1CC4A972CDA	20000E882B7C2A4B5F92E5EA750000000E882B	good	-	-	1594846943.000000	1595192543.000000
1595006714.152862	F4YluR6MBcGFBkAY8	sha1	881A4A74FEFF4652F354BB510FD3A4EEEFE0A1C8	919E3B446C3D579C42772A34D74FD1CC4A972CDA	20000CAD65C40DFFE412D893EE0000000CAD65	good	-	-	1594781802.000000	1595127402.000000
1595007041.613560	FakolV36GqGlW2AzMb	sha1	881A4A74FEFF4652F354BB510FD3A4EEEFE0A1C8	919E3B446C3D579C42772A34D74FD1CC4A972CDA	20000CAD65C40DFFE412D893EE0000000CAD65	good	-	-	1594781802.000000	1595127402.000000
1595008573.765068	FzpfMO3rSuCaZaqHy2	sha1	881A4A74FEFF4652F354BB510FD3A4EEEFE0A1C8	919E3B446C3D579C42772A34D74FD1CC4A972CDA	20000CAD65C40DFFE412D893EE0000000CAD65	good	-	-	1594868234.000000	1595213834.000000
1595009802.469460	FNCelVoYJGsXC53O8	sha1	881A4A74FEFF4652F354BB510FD3A4EEEFE0A1C8	919E3B446C3D579C42772A34D74FD1CC4A972CDA	20000724B9FB0DC5E9394898F30000000724B9	good	-	-	1594768044.000000	1595113644.000000
1595009802.641620	FGteKD2QgqMIi0duRk	sha1	2985FC613DBE2FB0120F5E420E4C9EC3D59EFD7C	08FE259F74EA8704C2BCBB8EA8385F33C6D16C65	2D000BD0C405D7AFE62C49B9D10000000BD0C4	good	-	-	1594856055.000000	1595201655.000000
1595013787.383966	FiSzop3jdkRVGEur6l	sha1	881A4A74FEFF4652F354BB510FD3A4EEEFE0A1C8	919E3B446C3D579C42772A34D74FD1CC4A972CDA	20000CAD65C40DFFE412D893EE0000000CAD65	good	-	-	1594781802.000000	1595127402.000000
1595014747.363333	FCVjevJfYUgrYlx45	sha1	4F0B5BD9B7DAAF9FB6F363722276D6E195AE2629	58889FD6DC9C4822B7143EFF8488E8E685FFFA7D	61001E8E1DCB2EF16B4DF1666A0000001E8E1D	good	-	-	1594688138.000000	1595033738.000000
1595015827.498313	Fbrz1j3GDvmifblhrk	sha1	881A4A74FEFF4652F354BB510FD3A4EEEFE0A1C8	919E3B446C3D579C42772A34D74FD1CC4A972CDA	2000060F1B8EB1CE4263468342000000060F1B	good	-	-	1594725610.000000	1595071210.000000
1595016104.454252	FOeiIg2kdqPngIsAL3	sha1	881A4A74FEFF4652F354BB510FD3A4EEEFE0A1C8	919E3B446C3D579C42772A34D74FD1CC4A972CDA	20000CAD65C40DFFE412D893EE0000000CAD65	good	-	-	1594781802.000000	1595127402.000000
1595026618.488698	Fyd0V42YzAu2eBVN8k	sha1	881A4A74FEFF4652F354BB510FD3A4EEEFE0A1C8	919E3B446C3D579C42772A34D74FD1CC4A972CDA	2000060F1B8EB1CE4263468342000000060F1B	good	-	-	1594826424.000000	1595172024.000000
1595026618.489384	Fho2L92KrtptwDPhzf	sha1	881A4A74FEFF4652F354BB510FD3A4EEEFE0A1C8	919E3B446C3D579C42772A34D74FD1CC4A972CDA	2000060F1B8EB1CE4263468342000000060F1B	good	-	-	1594718409.000000	1595064009.000000
1595028158.034379	FDPfxM2XcQ7gV5Ilvf	sha1	881A4A74FEFF4652F354BB510FD3A4EEEFE0A1C8	919E3B446C3D579C42772A34D74FD1CC4A972CDA	20000CAD65C40DFFE412D893EE0000000CAD65	good	-	-	1594789004.000000	1595134604.000000
1595029918.854752	FpiioG2vCm9GkxYGNf	sha1	4F0B5BD9B7DAAF9FB6F363722276D6E195AE2629	58889FD6DC9C4822B7143EFF8488E8E685FFFA7D	61001E8E1DCB2EF16B4DF1666A0000001E8E1D	good	-	-	1594738553.000000	1595084153.000000
1595030459.140141	FFjSLG2FiCPuhlICW	sha1	881A4A74FEFF4652F354BB510FD3A4EEEFE0A1C8	919E3B446C3D579C42772A34D74FD1CC4A972CDA	20000CAD65C40DFFE412D893EE0000000CAD65	good	-	-	1594781802.000000	1595127402.000000
1595037420.039276	FsHohs1lAu1riWrjMk	sha1	881A4A74FEFF4652F354BB510FD3A4EEEFE0A1C8	919E3B446C3D579C42772A34D74FD1CC4A972CDA	2000060F1B8EB1CE4263468342000000060F1B	good	-	-	1594718409.000000	1595064009.000000
1595042520.892373	FXldGp1SmKZomVlj77	sha1	881A4A74FEFF4652F354BB510FD3A4EEEFE0A1C8	919E3B446C3D579C42772A34D74FD1CC4A972CDA	20000CAD65C40DFFE412D893EE0000000CAD65	good	-	-	1594781802.000000	1595127402.000000
1595043540.782255	FlEa6WXEzuRefGVoi	sha1	4F0B5BD9B7DAAF9FB6F363722276D6E195AE2629	58889FD6DC9C4822B7143EFF8488E8E685FFFA7D	61001E8E1DCB2EF16B4DF1666A0000001E8E1D	good	-	-	1594961810.000000	1595307410.000000
1595044321.061762	Fo1KdQ1cWLGwIwSj7e	sha1	4F0B5BD9B7DAAF9FB6F363722276D6E195AE2629	58889FD6DC9C4822B7143EFF8488E8E685FFFA7D	61001E8E1DCB2EF16B4DF1666A0000001E8E1D	good	-	-	1594738553.000000	1595084153.000000
1595044801.256764	FKwcW52D5FnFcRApUj	sha1	881A4A74FEFF4652F354BB510FD3A4EEEFE0A1C8	919E3B446C3D579C42772A34D74FD1CC4A972CDA	20000CAD65C40DFFE412D893EE0000000CAD65	good	-	-	1594781802.000000	1595127402.000000
1595044836.098248	FP4FKo4y2ZfEEv9fC6	sha1	881A4A74FEFF4652F354BB510FD3A4EEEFE0A1C8	919E3B446C3D579C42772A34D74FD1CC4A972CDA	20000CAD65C40DFFE412D893EE0000000CAD65	good	-	-	1594781802.000000	1595127402.000000
1595044836.355399	F68iwK33jlW1hlCfqa	sha1	881A4A74FEFF4652F354BB510FD3A4EEEFE0A1C8	919E3B446C3D579C42772A34D74FD1CC4A972CDA	20000E882B7C2A4B5F92E5EA750000000E882B	good	-	-	1595005474.000000	1595351074.000000
1595045280.979986	FYKwzvovkQ1ww50Oc	sha1	2985FC613DBE2FB0120F5E420E4C9EC3D59EFD7C	08FE259F74EA8704C2BCBB8EA8385F33C6D16C65	6E0015F44456CF270CCED5E1AE00000015F444	good	-	-	1594911803.000000	1595257403.000000
1595046200.860328	Fqyz2G2eQuxVpzXkgc	sha1	22AF001C8075620726E0C8931AECA7421C32123A	7A7B8CC1CFE7A0CA1CD46BFAFBE133C30F1AA29D	1600080C0D4DCBC47B54D49B35000000080C0D	good	-	-	1595016695.000000	1595362295.000000
1595046201.162890	F27mlN4ik1GFQzg38	sha1	22AF001C8075620726E0C8931AECA7421C32123A	7A7B8CC1CFE7A0CA1CD46BFAFBE133C30F1AA29D	1600080C0D4DCBC47B54D49B35000000080C0D	good	-	-	1594843576.000000	1595189176.000000
1595046201.162890	F97AIu4azFNGSdAWd5	sha1	22AF001C8075620726E0C8931AECA7421C32123A	7A7B8CC1CFE7A0CA1CD46BFAFBE133C30F1AA29D	1600080C0D4DCBC47B54D49B35000000080C0D	good	-	-	1595023936.000000	1595369536.000000
1595046201.170694	FJ07Kp4Axs94uJdVve	sha1	22AF001C8075620726E0C8931AECA7421C32123A	7A7B8CC1CFE7A0CA1CD46BFAFBE133C30F1AA29D	1600080C0D4DCBC47B54D49B35000000080C0D	good	-	-	1595023936.000000	1595369536.000000
1595046201.489314	FHRl2c3kqaDZWFpiJ1	sha1	22AF001C8075620726E0C8931AECA7421C32123A	7A7B8CC1CFE7A0CA1CD46BFAFBE133C30F1AA29D	1600080C0D4DCBC47B54D49B35000000080C0D	good	-	-	1594843576.000000	1595189176.000000
1595046201.489553	F8LwZQ3niPpO1MgOe8	sha1	22AF001C8075620726E0C8931AECA7421C32123A	7A7B8CC1CFE7A0CA1CD46BFAFBE133C30F1AA29D	1600080C0D4DCBC47B54D49B35000000080C0D	good	-	-	1595016695.000000	1595362295.000000
1595046201.494858	Fdq13y2I8zqdxFT9F7	sha1	22AF001C8075620726E0C8931AECA7421C32123A	7A7B8CC1CFE7A0CA1CD46BFAFBE133C30F1AA29D	1600080C0D4DCBC47B54D49B35000000080C0D	good	-	-	1595016695.000000	1595362295.000000
1595048221.625979	Fsw3T41RSH2u8u8bB1	sha1	881A4A74FEFF4652F354BB510FD3A4EEEFE0A1C8	919E3B446C3D579C42772A34D74FD1CC4A972CDA	2000060F1B8EB1CE4263468342000000060F1B	good	-	-	1594725610.000000	1595071210.000000
1595048401.768660	FiqliR3vynQe3Ttu95	sha1	881A4A74FEFF4652F354BB510FD3A4EEEFE0A1C8	919E3B446C3D579C42772A34D74FD1CC4A972CDA	20000CAD65C40DFFE412D893EE0000000CAD65	good	-	-	1594868234.000000	1595213834.000000
1595048493.802486	FnffBFz9RkoW63ZPg	sha1	881A4A74FEFF4652F354BB510FD3A4EEEFE0A1C8	919E3B446C3D579C42772A34D74FD1CC4A972CDA	20000CAD65C40DFFE412D893EE0000000CAD65	good	-	-	1594781802.000000	1595127402.000000
1595048821.836118	FDwN2a49X8c1ykreoh	sha1	881A4A74FEFF4652F354BB510FD3A4EEEFE0A1C8	919E3B446C3D579C42772A34D74FD1CC4A972CDA	20000CAD65C40DFFE412D893EE0000000CAD65	good	-	-	1594781802.000000	1595127402.000000
1595050354.193445	FCrClCHtMWiOLwDG9	sha1	881A4A74FEFF4652F354BB510FD3A4EEEFE0A1C8	919E3B446C3D579C42772A34D74FD1CC4A972CDA	20000CAD65C40DFFE412D893EE0000000CAD65	good	-	-	1594781802.000000	1595127402.000000
1595050383.722425	FrNmaA1HoNIy9nqsNe	sha1	881A4A74FEFF4652F354BB510FD3A4EEEFE0A1C8	919E3B446C3D579C42772A34D74FD1CC4A972CDA	20000CAD65C40DFFE412D893EE0000000CAD65	good	-	-	1594781802.000000	1595127402.000000
1595050383.969723	FygVDA1MAueEfmKdQk	sha1	881A4A74FEFF4652F354BB510FD3A4EEEFE0A1C8	919E3B446C3D579C42772A34D74FD1CC4A972CDA	20000E882B7C2A4B5F92E5EA750000000E882B	good	-	-	1595005474.000000	1595351074.000000
1595050512.717400	Fn7zZm1X6rH9UjkeE1	sha1	4F0B5BD9B7DAAF9FB6F363722276D6E195AE2629	58889FD6DC9C4822B7143EFF8488E8E685FFFA7D	7B000ADF91DD53D13B0A75DB070000000ADF91	good	-	-	1594984294.000000	1595329894.000000
1595056863.181577	FmX3I11A8oSzUvv2Sb	sha1	881A4A74FEFF4652F354BB510FD3A4EEEFE0A1C8	919E3B446C3D579C42772A34D74FD1CC4A972CDA	20000CAD65C40DFFE412D893EE0000000CAD65	good	-	-	1594781802.000000	1595127402.000000
1595056863.182328	FuXO3x4OqIN9k6vgGf	sha1	881A4A74FEFF4652F354BB510FD3A4EEEFE0A1C8	919E3B446C3D579C42772A34D74FD1CC4A972CDA	20000CAD65C40DFFE412D893EE0000000CAD65	good	-	-	1594781802.000000	1595127402.000000
1595056898.104959	FjNKtJ1WCgvqHupYc5	sha1	881A4A74FEFF4652F354BB510FD3A4EEEFE0A1C8	919E3B446C3D579C42772A34D74FD1CC4A972CDA	20000CAD65C40DFFE412D893EE0000000CAD65	good	-	-	1594781802.000000	1595127402.000000
1595056898.353803	FiQGRf15Q9mhYOy4k	sha1	881A4A74FEFF4652F354BB510FD3A4EEEFE0A1C8	919E3B446C3D579C42772A34D74FD1CC4A972CDA	20000E882B7C2A4B5F92E5EA750000000E882B	good	-	-	1595005474.000000	1595351074.000000
1595057943.347088	FlxKam2ons6qIwpxsc	sha1	105FA67A80089DB5279F35CE830B43889EA3C70D	0F80611C823161D52F28E78D4638B42CE1C6D9E2	087D7E27E015E24F98F3051FFD36DD39	good	-	-	1595007536.000000	1595609636.000000
1595058303.693928	FSCA2a4uU28QmRuUS3	sha1	F7C4BE0B40B5C344333D3FAEB94D6E38DAFAEC51	45EBA2AFF492CB82312D518BA7A7219DF36DC80F	0FA8490615D700A0BE2176FDC5EC6DBD	good	-	-	1594920148.000000	1595524948.000000
1595058303.762280	FeMkWX1J3YSxKjJFgd	sha1	986A0BD8DED7E2CC3368C9BCD548F159992126D3	7B68CE29AAC017BE497AE1E53FD6A7F7458F3532	05308B76AC2E15B29720FB4395F65F38	good	-	-	1594988817.000000	1595590917.000000
1595058303.955464	FhUfEN2AAj4E9zpZcj	sha1	B9E9B287028503F8ECA5FB42E13E0F49C72426E2	7FD365A7C2DDECBBF03009F34339FA02AF333133	3D78D7F9764960B2617DF4F01ECA862A	good	-	-	1594851415.000000	1595456215.000000
1595058304.124498	FVw0Ue86zowR9ZlCb	sha1	1EE8B34325DAB1F893A9EE15604DE686149FC242	963B53F0793397AF7D83EF2E2BCCCAB7861E7266	064B3330A97D03A0B451591DA8687F72	good	-	-	1594938710.000000	1595543510.000000
1595058317.251952	F57FZp3CHw7kEdxtc3	sha1	2985FC613DBE2FB0120F5E420E4C9EC3D59EFD7C	08FE259F74EA8704C2BCBB8EA8385F33C6D16C65	2D000B030BC26D976CDF4092340000000B030B	good	-	-	1594997314.000000	1595342914.000000
1595058723.066823	FtrCLn1jrjvEKWlx42	sha1	4F0B5BD9B7DAAF9FB6F363722276D6E195AE2629	58889FD6DC9C4822B7143EFF8488E8E685FFFA7D	61001E8E1DCB2EF16B4DF1666A0000001E8E1D	good	-	-	1595041028.000000	1595386628.000000
1595059023.160745	FhEgQ04drYAPj8GKSb	sha1	881A4A74FEFF4652F354BB510FD3A4EEEFE0A1C8	919E3B446C3D579C42772A34D74FD1CC4A972CDA	2000060F1B8EB1CE4263468342000000060F1B	good	-	-	1595006458.000000	1595352058.000000
1595060497.347741	FAwxfE19RXgxOkISj	sha1	881A4A74FEFF4652F354BB510FD3A4EEEFE0A1C8	919E3B446C3D579C42772A34D74FD1CC4A972CDA	20000CAD65C40DFFE412D893EE0000000CAD65	good	-	-	1594781802.000000	1595127402.000000
1595060525.436449	FEa2AaPEFyG3zjSU4	sha1	881A4A74FEFF4652F354BB510FD3A4EEEFE0A1C8	919E3B446C3D579C42772A34D74FD1CC4A972CDA	20000CAD65C40DFFE412D893EE0000000CAD65	good	-	-	1594781802.000000	1595127402.000000
1595060525.685101	FZ1qHTJdX7GkqTkA6	sha1	881A4A74FEFF4652F354BB510FD3A4EEEFE0A1C8	919E3B446C3D579C42772A34D74FD1CC4A972CDA	20000E882B7C2A4B5F92E5EA750000000E882B	good	-	-	1595005474.000000	1595351074.000000
1595064124.055709	FEKZ0e4Mw2kcrCBDz3	sha1	881A4A74FEFF4652F354BB510FD3A4EEEFE0A1C8	919E3B446C3D579C42772A34D74FD1CC4A972CDA	20000CAD65C40DFFE412D893EE0000000CAD65	good	-	-	1594781802.000000	1595127402.000000
1595064164.717218	FRRYfR2RzbWrrfbuDj	sha1	881A4A74FEFF4652F354BB510FD3A4EEEFE0A1C8	919E3B446C3D579C42772A34D74FD1CC4A972CDA	20000CAD65C40DFFE412D893EE0000000CAD65	good	-	-	1594781802.000000	1595127402.000000
1595064164.968569	Fa1Igq3KEpzJElox6g	sha1	881A4A74FEFF4652F354BB510FD3A4EEEFE0A1C8	919E3B446C3D579C42772A34D74FD1CC4A972CDA	20000E882B7C2A4B5F92E5EA750000000E882B	good	-	-	1595005474.000000	1595351074.000000
1595069824.848059	FEO2g54lHLNJ2hqbqh	sha1	881A4A74FEFF4652F354BB510FD3A4EEEFE0A1C8	919E3B446C3D579C42772A34D74FD1CC4A972CDA	2000060F1B8EB1CE4263468342000000060F1B	good	-	-	1594826424.000000	1595172024.000000
1595071205.150989	F4M0nNJ8r6PLTcpe	sha1	881A4A74FEFF4652F354BB510FD3A4EEEFE0A1C8	919E3B446C3D579C42772A34D74FD1CC4A972CDA	20000CAD65C40DFFE412D893EE0000000CAD65	good	-	-	1594781802.000000	1595127402.000000
1595071205.156838	Fz1zNlRpHPJwgsfW3	sha1	881A4A74FEFF4652F354BB510FD3A4EEEFE0A1C8	919E3B446C3D579C42772A34D74FD1CC4A972CDA	20000CAD65C40DFFE412D893EE0000000CAD65	good	-	-	1594781802.000000	1595127402.000000
1595071240.113944	F4KTHhlhzblLiU6Ef	sha1	881A4A74FEFF4652F354BB510FD3A4EEEFE0A1C8	919E3B446C3D579C42772A34D74FD1CC4A972CDA	20000CAD65C40DFFE412D893EE0000000CAD65	good	-	-	1594781802.000000	1595127402.000000
1595071240.369225	FVhB752GDuKBh2hfC3	sha1	881A4A74FEFF4652F354BB510FD3A4EEEFE0A1C8	919E3B446C3D579C42772A34D74FD1CC4A972CDA	20000E882B7C2A4B5F92E5EA750000000E882B	good	-	-	1595005474.000000	1595351074.000000
1595072344.944025	FS1c9P1sMTq1BbmqB3	sha1	4F0B5BD9B7DAAF9FB6F363722276D6E195AE2629	58889FD6DC9C4822B7143EFF8488E8E685FFFA7D	61001E8E1DCB2EF16B4DF1666A0000001E8E1D	good	-	-	1594976215.000000	1595321815.000000
1595074805.600505	FTTwmG23zzlLwgpTIl	sha1	881A4A74FEFF4652F354BB510FD3A4EEEFE0A1C8	919E3B446C3D579C42772A34D74FD1CC4A972CDA	20000CAD65C40DFFE412D893EE0000000CAD65	good	-	-	1594781802.000000	1595127402.000000
1595074897.623838	FamxzC4OYLjpJ5wFx1	sha1	881A4A74FEFF4652F354BB510FD3A4EEEFE0A1C8	919E3B446C3D579C42772A34D74FD1CC4A972CDA	20000CAD65C40DFFE412D893EE0000000CAD65	good	-	-	1594781802.000000	1595127402.000000
1595075225.571709	FVTnJH2ikyV883N2n3	sha1	881A4A74FEFF4652F354BB510FD3A4EEEFE0A1C8	919E3B446C3D579C42772A34D74FD1CC4A972CDA	20000CAD65C40DFFE412D893EE0000000CAD65	good	-	-	1595026685.000000	1595372285.000000
1595075259.826904	FJ1cQ94gIRE3XYCu8d	sha1	881A4A74FEFF4652F354BB510FD3A4EEEFE0A1C8	919E3B446C3D579C42772A34D74FD1CC4A972CDA	20000CAD65C40DFFE412D893EE0000000CAD65	good	-	-	1594825024.000000	1595170624.000000
1595075260.091315	FwNrXq4GxJCZKgpYne	sha1	881A4A74FEFF4652F354BB510FD3A4EEEFE0A1C8	919E3B446C3D579C42772A34D74FD1CC4A972CDA	20000E882B7C2A4B5F92E5EA750000000E882B	good	-	-	1594998272.000000	1595343872.000000
1595078826.126727	FMPOS74gBOzCY0nTxk	sha1	881A4A74FEFF4652F354BB510FD3A4EEEFE0A1C8	919E3B446C3D579C42772A34D74FD1CC4A972CDA	20000CAD65C40DFFE412D893EE0000000CAD65	good	-	-	1594781802.000000	1595127402.000000
1595078918.164604	FCwzNshEpeJAkyu26	sha1	881A4A74FEFF4652F354BB510FD3A4EEEFE0A1C8	919E3B446C3D579C42772A34D74FD1CC4A972CDA	20000CAD65C40DFFE412D893EE0000000CAD65	good	-	-	1594781802.000000	1595127402.000000
1595078947.936272	FWhJOE3vdeaVY1yRr7	sha1	881A4A74FEFF4652F354BB510FD3A4EEEFE0A1C8	919E3B446C3D579C42772A34D74FD1CC4A972CDA	20000CAD65C40DFFE412D893EE0000000CAD65	good	-	-	1594781802.000000	1595127402.000000
1595078948.203010	FZCKW13ncSrDXsEeO2	sha1	881A4A74FEFF4652F354BB510FD3A4EEEFE0A1C8	919E3B446C3D579C42772A34D74FD1CC4A972CDA	20000E882B7C2A4B5F92E5EA750000000E882B	good	-	-	1595005474.000000	1595351074.000000
1595080626.302424	FBd88iV7QoOo5uWXd	sha1	881A4A74FEFF4652F354BB510FD3A4EEEFE0A1C8	919E3B446C3D579C42772A34D74FD1CC4A972CDA	2000060F1B8EB1CE4263468342000000060F1B	good	-	-	1595071731.000000	1595417331.000000
1595085547.221860	FDK5Ew2SWIWI5WNack	sha1	881A4A74FEFF4652F354BB510FD3A4EEEFE0A1C8	919E3B446C3D579C42772A34D74FD1CC4A972CDA	20000CAD65C40DFFE412D893EE0000000CAD65	good	-	-	1594781802.000000	1595127402.000000
1595085547.225822	Fp081L1MYaGKVz9ZS1	sha1	881A4A74FEFF4652F354BB510FD3A4EEEFE0A1C8	919E3B446C3D579C42772A34D74FD1CC4A972CDA	20000CAD65C40DFFE412D893EE0000000CAD65	good	-	-	1594781802.000000	1595127402.000000
1595085639.223536	F0v7RbbUl14OHl7Be	sha1	881A4A74FEFF4652F354BB510FD3A4EEEFE0A1C8	919E3B446C3D579C42772A34D74FD1CC4A972CDA	20000CAD65C40DFFE412D893EE0000000CAD65	good	-	-	1594781802.000000	1595127402.000000
1595085967.320349	FCT0ou34ETKlWH07hd	sha1	105FA67A80089DB5279F35CE830B43889EA3C70D	0F80611C823161D52F28E78D4638B42CE1C6D9E2	087D7E27E015E24F98F3051FFD36DD39	good	-	-	1595007536.000000	1595609636.000000
1595085967.613800	FzYkEP2KUrsW29mro2	sha1	881A4A74FEFF4652F354BB510FD3A4EEEFE0A1C8	919E3B446C3D579C42772A34D74FD1CC4A972CDA	20000CAD65C40DFFE412D893EE0000000CAD65	good	-	-	1594781802.000000	1595127402.000000
1595086000.966504	F8Q05u2rtLJJWSmSg9	sha1	2B0413693DF1D33D7E89CBA055CF204F9C158C9D	3E742D1FCF4575047E3FC0A2873E4C43835113C6	011AB193125263D53BC7549AF138C7F2	good	-	-	1594965057.000000	1595567157.000000
1595086746.963849	F35He24gyaAO85Vzs6	sha1	4F0B5BD9B7DAAF9FB6F363722276D6E195AE2629	58889FD6DC9C4822B7143EFF8488E8E685FFFA7D	61001E8E1DCB2EF16B4DF1666A0000001E8E1D	good	-	-	1595055430.000000	1595401030.000000
1595087089.595104	FfH4kD3rOzOONXWVi9	sha1	105FA67A80089DB5279F35CE830B43889EA3C70D	0F80611C823161D52F28E78D4638B42CE1C6D9E2	087D7E27E015E24F98F3051FFD36DD39	good	-	-	1595007536.000000	1595609636.000000
1595087089.847156	F9onClydBTr4RFeY9	sha1	2985FC613DBE2FB0120F5E420E4C9EC3D59EFD7C	08FE259F74EA8704C2BCBB8EA8385F33C6D16C65	2D000B417E2B5F9856779444410000000B417E	good	-	-	1594765813.000000	1595111413.000000
1595087091.278586	Fk8Qj54wUQDhQCfo5c	sha1	2985FC613DBE2FB0120F5E420E4C9EC3D59EFD7C	08FE259F74EA8704C2BCBB8EA8385F33C6D16C65	2D000B417E2B5F9856779444410000000B417E	good	-	-	1594982822.000000	1595328422.000000
1595087499.564675	FDpfKU1G4hJ2s02Cn2	sha1	881A4A74FEFF4652F354BB510FD3A4EEEFE0A1C8	919E3B446C3D579C42772A34D74FD1CC4A972CDA	20000CAD65C40DFFE412D893EE0000000CAD65	good	-	-	1594781802.000000	1595127402.000000
1595087947.810325	FMZEwO2yOhlEaTpbAa	sha1	105FA67A80089DB5279F35CE830B43889EA3C70D	0F80611C823161D52F28E78D4638B42CE1C6D9E2	087D7E27E015E24F98F3051FFD36DD39	good	-	-	1595007536.000000	1595609636.000000
1595091152.437390	FtXhcfaaisPPgrAEf	sha1	105FA67A80089DB5279F35CE830B43889EA3C70D	0F80611C823161D52F28E78D4638B42CE1C6D9E2	087D7E27E015E24F98F3051FFD36DD39	good	-	-	1595007536.000000	1595609636.000000
1595091423.284338	FekiTw4sfrJXlqYRZ6	sha1	105FA67A80089DB5279F35CE830B43889EA3C70D	0F80611C823161D52F28E78D4638B42CE1C6D9E2	087D7E27E015E24F98F3051FFD36DD39	good	-	-	1595007536.000000	1595609636.000000
1595091423.505379	Fr1Le228Aet5XgNqe	sha1	881A4A74FEFF4652F354BB510FD3A4EEEFE0A1C8	919E3B446C3D579C42772A34D74FD1CC4A972CDA	2000060F1B8EB1CE4263468342000000060F1B	good	-	-	1594819223.000000	1595164823.000000
1595091431.288506	FCdK36xv8tQLsf4tf	sha1	2985FC613DBE2FB0120F5E420E4C9EC3D59EFD7C	08FE259F74EA8704C2BCBB8EA8385F33C6D16C65	2D000B030BC26D976CDF4092340000000B030B	good	-	-	1594810443.000000	1595156043.000000
#close	2025-09-18-11-42-43
