#separator \x09
#set_separator	,
#empty_field	(empty)
#unset_field	-
#path	ocsp
#open	2025-09-19-17-24-15
#fields	ts	id	hashAlgorithm	issuerNameHash	issuerKeyHash	serialNumber	certStatus	revoketime	revokereason	thisUpdate	nextUpdate
#types	time	string	string	string	string	string	string	time	string	time	time
1755771245.743534	FbLQ904d7L9BZWWJLc	sha1	D59B1737698FEF4B16C817B7FE1508CD425E20F2	35F1E7113268E6B2C8DA71E670F3E83CB80E071B	330000CDAF99EEC7DDC8DCB9C400000000CDAF	good	-	-	1755627188.000000	1756319588.000000
1755771245.757461	FvYHw01BKN82loTGcb	sha1	D59B1737698FEF4B16C817B7FE1508CD425E20F2	35F1E7113268E6B2C8DA71E670F3E83CB80E071B	330000CDAF99EEC7DDC8DCB9C400000000CDAF	good	-	-	1755540788.000000	1756233188.000000
1755771245.765578	FT1vHX1QnXSX5eZ6C5	sha1	D59B1737698FEF4B16C817B7FE1508CD425E20F2	35F1E7113268E6B2C8DA71E670F3E83CB80E071B	330000CDAF99EEC7DDC8DCB9C400000000CDAF	good	-	-	1755627188.000000	1756319588.000000
1755771245.765598	FVJxx71UXOKs4ORyec	sha1	D59B1737698FEF4B16C817B7FE1508CD425E20F2	35F1E7113268E6B2C8DA71E670F3E83CB80E071B	330000CDAF99EEC7DDC8DCB9C400000000CDAF	good	-	-	1755540788.000000	1756233188.000000
1755771247.135267	FqCZLN3fwPLyl3nrE5	sha1	7624DB6BD09C44BD8C92A5BC8159AA8199E6A50A	CE15163BEA02A3A66BDAD92BFDE58C52BE7A50A8	3302129F3FB90E22C1F3533EFA000002129F3F	good	-	-	1755627364.000000	1756319764.000000
1755771249.910836	F4nq2u1sW68hxO1q	sha1	D59B1737698FEF4B16C817B7FE1508CD425E20F2	35F1E7113268E6B2C8DA71E670F3E83CB80E071B	330000CDAF99EEC7DDC8DCB9C400000000CDAF	good	-	-	1755540788.000000	1756233188.000000
1755771249.957778	FWY0e71V3lBYSxIJAg	sha1	5060343D3B34B7408B5B64FD1D09C5346FF833F2	C35EAC4076C0064DE32B9499306073349829C651	3300024AECAFC5DEA41F38E4D1000000024AEC	good	-	-	1755310388.000000	1756002788.000000
1755771250.036191	FEgimp4MgvGUJEFyx	sha1	EB8EBC9D472B7E0291771923F2A5F1C1C51E57B5	B3DB48A4F9A1C5D8AE3641CC1163696229BC4BC6	0F1F157582CDCD33734BDC5FCD941A33	good	-	-	1755716715.000000	1756321515.000000
1755771268.423259	F4436gAVDm7hg3Eu3	sha1	E475019DC323E226741D6C40390795F90596462E	3B70D153E976259D60A8CA660FC69BAE6F54166A	330276D948A2ADADBEF12FC28300000276D948	good	-	-	1755267188.000000	1755959588.000000
1755771268.676576	F68kvt4doAYc9sEfU6	sha1	E475019DC323E226741D6C40390795F90596462E	3B70D153E976259D60A8CA660FC69BAE6F54166A	330276D948A2ADADBEF12FC28300000276D948	good	-	-	1755310388.000000	1756002788.000000
1755771268.887036	F4bHsj4Yp9cjLNuB73	sha1	E475019DC323E226741D6C40390795F90596462E	3B70D153E976259D60A8CA660FC69BAE6F54166A	330276D948A2ADADBEF12FC28300000276D948	good	-	-	1755310388.000000	1756002788.000000
1755771287.499330	FoZ3NsgZ6VugTYXHc	sha1	B34FFCEAC1CA8DBE13FD8B8738B023F3D896F3AC	FE09714055051044D8A48175B89E1AE94A0688C8	3302606D47AD4D2EACC75062E9000002606D47	good	-	-	1755713588.000000	1756405988.000000
1755771320.532677	F8qcTs3tHoeJpX5AYa	sha1	1BC66318D19B621575EEB02B7469CD52D59A2AE2	F67E2FBD80A34AB2705BEBDF9A1FD8EDCA618007	3302006D168406416852D3B639000002006D16	good	-	-	1755627188.000000	1756319588.000000
1755771369.291383	FOtRYc1oph2Zewll8k	sha1	5342D4848BC117F9B6144D777CFB23310F7B35CD	DE1B1EED7915D43E3724C321BBEC34396D42B230	7394C2DA72EB55FE0AC352FC6B5ED7C9	good	-	-	1755699957.000000	1756301156.000000
1755771369.291402	Fl5CB62GVF0wm1UE5k	sha1	5342D4848BC117F9B6144D777CFB23310F7B35CD	DE1B1EED7915D43E3724C321BBEC34396D42B230	4EC2C0CFFEB61D6309244D58A1A1CA37	good	-	-	1755696299.000000	1756297498.000000
1755771369.291409	FNT4gw2j6uAgH0Vgah	sha1	5342D4848BC117F9B6144D777CFB23310F7B35CD	DE1B1EED7915D43E3724C321BBEC34396D42B230	7394C2DA72EB55FE0AC352FC6B5ED7C9	good	-	-	1755699957.000000	1756301156.000000
1755771369.706919	FQXuhI2h8j1hpm2Xd	sha1	5342D4848BC117F9B6144D777CFB23310F7B35CD	DE1B1EED7915D43E3724C321BBEC34396D42B230	382E4795356E6F0C092512C80EE355BD	good	-	-	1755696268.000000	1756297467.000000
1755771370.311460	FmH3M21mp4Lx2NldP9	sha1	5342D4848BC117F9B6144D777CFB23310F7B35CD	DE1B1EED7915D43E3724C321BBEC34396D42B230	382E4795356E6F0C092512C80EE355BD	good	-	-	1755696268.000000	1756297467.000000
1755771370.311475	FnWE4h3LIIiywXiKPj	sha1	5342D4848BC117F9B6144D777CFB23310F7B35CD	DE1B1EED7915D43E3724C321BBEC34396D42B230	DE3FAE813F37339212E8981D80208108	good	-	-	1755696301.000000	1756297500.000000
1755771370.320576	FCLG4R24IqADlaBHuj	sha1	5342D4848BC117F9B6144D777CFB23310F7B35CD	DE1B1EED7915D43E3724C321BBEC34396D42B230	382E4795356E6F0C092512C80EE355BD	good	-	-	1755696268.000000	1756297467.000000
1755771370.374358	FLmDfJ1Wz3AMNGPIqi	sha1	5342D4848BC117F9B6144D777CFB23310F7B35CD	DE1B1EED7915D43E3724C321BBEC34396D42B230	382E4795356E6F0C092512C80EE355BD	good	-	-	1755696268.000000	1756297467.000000
1755771370.374371	FoSTBe3Uc3M8aG3Uu1	sha1	5342D4848BC117F9B6144D777CFB23310F7B35CD	DE1B1EED7915D43E3724C321BBEC34396D42B230	382E4795356E6F0C092512C80EE355BD	good	-	-	1755696268.000000	1756297467.000000
1755771370.421476	FgrByF0VI0k8llld	sha1	5342D4848BC117F9B6144D777CFB23310F7B35CD	DE1B1EED7915D43E3724C321BBEC34396D42B230	A230B85FC30B18CA12E2B3C5AE57AB97	good	-	-	1755697971.000000	1756299170.000000
1755771370.422734	FqQX963An3bkVCror	sha1	5342D4848BC117F9B6144D777CFB23310F7B35CD	DE1B1EED7915D43E3724C321BBEC34396D42B230	F8E6AB3CA336CE310AF7CDF35D026D47	good	-	-	1755696269.000000	1756297468.000000
1755771370.495444	Fy6fAR1GFuEeb1oQkc	sha1	5342D4848BC117F9B6144D777CFB23310F7B35CD	DE1B1EED7915D43E3724C321BBEC34396D42B230	DE3FAE813F37339212E8981D80208108	good	-	-	1755696301.000000	1756297500.000000
1755771370.536249	F66IeG1tz7535v7LUl	sha1	5342D4848BC117F9B6144D777CFB23310F7B35CD	DE1B1EED7915D43E3724C321BBEC34396D42B230	30E542D38134A9AD12717D14E0E28BC1	good	-	-	1755703476.000000	1756304675.000000
1755771370.550538	F55vZb2muqpp0jwGCc	sha1	5342D4848BC117F9B6144D777CFB23310F7B35CD	DE1B1EED7915D43E3724C321BBEC34396D42B230	30E542D38134A9AD12717D14E0E28BC1	good	-	-	1755703476.000000	1756304675.000000
1755771370.687272	F88Yuv2Zem9gVv8XT	sha1	5342D4848BC117F9B6144D777CFB23310F7B35CD	DE1B1EED7915D43E3724C321BBEC34396D42B230	30E542D38134A9AD12717D14E0E28BC1	good	-	-	1755703476.000000	1756304675.000000
1755771376.044956	FS59GX2lGM3NLhc84l	sha1	5342D4848BC117F9B6144D777CFB23310F7B35CD	DE1B1EED7915D43E3724C321BBEC34396D42B230	681E472318DE9BB1122DEFDBC39D19BC	good	-	-	1755699956.000000	1756301155.000000
1755771415.989716	FeH3Wm4G7YXbkL2ET2	sha1	1BC66318D19B621575EEB02B7469CD52D59A2AE2	F67E2FBD80A34AB2705BEBDF9A1FD8EDCA618007	3302006D168406416852D3B639000002006D16	good	-	-	1755627188.000000	1756319588.000000
1755771436.164271	FOasRnM1CFqIKzA11	sha1	A7C4B8B3DC5BB5581EA7D7F13AC569F56F48D789	748580C066C7DF37DECFBD2937AA031DBEEDCD17	03287FDCEF36D662213440496A17F851	good	-	-	1755680941.000000	1756282141.000000
#close	2025-09-19-17-24-15
