#separator \x09
#set_separator	,
#empty_field	(empty)
#unset_field	-
#path	ocsp
#open	2025-09-17-15-39-32
#fields	ts	id	hashAlgorithm	issuerNameHash	issuerKeyHash	serialNumber	certStatus	revoketime	revokereason	thisUpdate	nextUpdate
#types	time	string	string	string	string	string	string	time	string	time	time
1598037856.557784	FcEgfJ3BEiVb5YQ5qj	sha1	2985FC613DBE2FB0120F5E420E4C9EC3D59EFD7C	08FE259F74EA8704C2BCBB8EA8385F33C6D16C65	2D000B030BC26D976CDF4092340000000B030B	good	-	-	1598014873.000000	1598360473.000000
1598037983.372646	FdLX3O1DgcR3INoJJf	sha1	4F0B5BD9B7DAAF9FB6F363722276D6E195AE2629	58889FD6DC9C4822B7143EFF8488E8E685FFFA7D	7B000AD9F074D3E63A6FA22B950000000AD9F0	good	-	-	1597891486.000000	1598237086.000000
1598037983.701923	F51bJI2FAp1RRCMhv1	sha1	4F0B5BD9B7DAAF9FB6F363722276D6E195AE2629	58889FD6DC9C4822B7143EFF8488E8E685FFFA7D	7B000AD9F074D3E63A6FA22B950000000AD9F0	good	-	-	1597891486.000000	1598237086.000000
1598038178.167520	FsZr2z4y3RUFjHwL5b	sha1	4F0B5BD9B7DAAF9FB6F363722276D6E195AE2629	58889FD6DC9C4822B7143EFF8488E8E685FFFA7D	7B000AD9F074D3E63A6FA22B950000000AD9F0	good	-	-	1597891486.000000	1598237086.000000
1598038809.781109	FQ9Txq2LvxF3Rbm377	sha1	4F0B5BD9B7DAAF9FB6F363722276D6E195AE2629	58889FD6DC9C4822B7143EFF8488E8E685FFFA7D	61001E8E1DCB2EF16B4DF1666A0000001E8E1D	good	-	-	1597795501.000000	1598141101.000000
1598038809.993716	FpYDwi3VgBYIeHIBQ4	sha1	C12F4576ED1559ECB05DBA89BF9D8078E523D413	E59D5930824758CCACFA085436867B3AB5044DF0	08B87A501BBE9CDA2D164D3E3951BF55	good	-	-	1597975307.000000	1598577407.000000
1598041506.288598	FfOPb62EJS6wRzDRNd	sha1	4F0B5BD9B7DAAF9FB6F363722276D6E195AE2629	58889FD6DC9C4822B7143EFF8488E8E685FFFA7D	61001E8E1DCB2EF16B4DF1666A0000001E8E1D	good	-	-	1597953937.000000	1598299537.000000
1598041583.927767	F8oSab1Eag4D9dfHve	sha1	105FA67A80089DB5279F35CE830B43889EA3C70D	0F80611C823161D52F28E78D4638B42CE1C6D9E2	0E307E089B4F8BA1FD8FF6954B004CFE	good	-	-	1597891859.000000	1598493959.000000
1598041584.346809	F7Zx3Ww8Yqrnexx34	sha1	4F0B5BD9B7DAAF9FB6F363722276D6E195AE2629	58889FD6DC9C4822B7143EFF8488E8E685FFFA7D	7B000AD9F074D3E63A6FA22B950000000AD9F0	good	-	-	1597891486.000000	1598237086.000000
1598041584.673157	FggJT8RTM2VOhDbxk	sha1	4F0B5BD9B7DAAF9FB6F363722276D6E195AE2629	58889FD6DC9C4822B7143EFF8488E8E685FFFA7D	7B000AD9F074D3E63A6FA22B950000000AD9F0	good	-	-	1597884285.000000	1598229885.000000
1598041778.545478	FL4HYP1V9gCLQZvsfb	sha1	4F0B5BD9B7DAAF9FB6F363722276D6E195AE2629	58889FD6DC9C4822B7143EFF8488E8E685FFFA7D	7B000AD9F074D3E63A6FA22B950000000AD9F0	good	-	-	1597884285.000000	1598229885.000000
1598042101.430604	F5aREw1p27zcHzJyHc	sha1	2985FC613DBE2FB0120F5E420E4C9EC3D59EFD7C	08FE259F74EA8704C2BCBB8EA8385F33C6D16C65	2D000B417E2B5F9856779444410000000B417E	good	-	-	1597898894.000000	1598244494.000000
1598042105.122717	Fq7bX5WkhIPhMgeja	sha1	2985FC613DBE2FB0120F5E420E4C9EC3D59EFD7C	08FE259F74EA8704C2BCBB8EA8385F33C6D16C65	2D000B417E2B5F9856779444410000000B417E	good	-	-	1597841181.000000	1598186781.000000
1598043309.800450	FBnkZ04jJTeAuu7Ylb	sha1	881A4A74FEFF4652F354BB510FD3A4EEEFE0A1C8	919E3B446C3D579C42772A34D74FD1CC4A972CDA	2000060F1B8EB1CE4263468342000000060F1B	good	-	-	1597978896.000000	1598324496.000000
1598045184.682223	F6TvMg2DY6v1U8A7me	sha1	4F0B5BD9B7DAAF9FB6F363722276D6E195AE2629	58889FD6DC9C4822B7143EFF8488E8E685FFFA7D	7B000AD9F074D3E63A6FA22B950000000AD9F0	good	-	-	1597884285.000000	1598229885.000000
1598045185.022495	FHhzBx2MO1A0BgdHed	sha1	4F0B5BD9B7DAAF9FB6F363722276D6E195AE2629	58889FD6DC9C4822B7143EFF8488E8E685FFFA7D	7B000AD9F074D3E63A6FA22B950000000AD9F0	good	-	-	1597884285.000000	1598229885.000000
1598045378.863008	FZfWbA23vY1qPPVAoi	sha1	4F0B5BD9B7DAAF9FB6F363722276D6E195AE2629	58889FD6DC9C4822B7143EFF8488E8E685FFFA7D	7B000AD9F074D3E63A6FA22B950000000AD9F0	good	-	-	1597884285.000000	1598229885.000000
1598045707.339921	FNrbno4YJcT2YuwmT3	sha1	A303C0A8887BD479C4278EB5D7587D3C12C04DA4	FF2F7FE106F438F32DED258D98C2FE0EF66CFCFA	7F000000D09D83CFAFDBB0A5C10000000000D0	good	-	-	1597992203.000000	1598337803.000000
1598045726.116281	FSEaTQ1trerTmnkn67	sha1	881A4A74FEFF4652F354BB510FD3A4EEEFE0A1C8	919E3B446C3D579C42772A34D74FD1CC4A972CDA	20000CAD65C40DFFE412D893EE0000000CAD65	good	-	-	1597961138.000000	1598306738.000000
1598045758.952747	FriIXA2toQFAkPfr03	sha1	881A4A74FEFF4652F354BB510FD3A4EEEFE0A1C8	919E3B446C3D579C42772A34D74FD1CC4A972CDA	20000CAD65C40DFFE412D893EE0000000CAD65	good	-	-	1597961138.000000	1598306738.000000
1598045759.204708	FzMOEF151IjRIC3mWh	sha1	881A4A74FEFF4652F354BB510FD3A4EEEFE0A1C8	919E3B446C3D579C42772A34D74FD1CC4A972CDA	20000E882B7C2A4B5F92E5EA750000000E882B	good	-	-	1597759652.000000	1598105252.000000
1598048785.037105	F30sCA4zjYqvLuCeeg	sha1	4F0B5BD9B7DAAF9FB6F363722276D6E195AE2629	58889FD6DC9C4822B7143EFF8488E8E685FFFA7D	7B000AD9F074D3E63A6FA22B950000000AD9F0	good	-	-	1597884285.000000	1598229885.000000
1598048785.362000	FheKOT36ErnTtv1pa	sha1	4F0B5BD9B7DAAF9FB6F363722276D6E195AE2629	58889FD6DC9C4822B7143EFF8488E8E685FFFA7D	7B000AD9F074D3E63A6FA22B950000000AD9F0	good	-	-	1597891486.000000	1598237086.000000
1598048979.194740	FadTiI2ENjixr6LJY8	sha1	4F0B5BD9B7DAAF9FB6F363722276D6E195AE2629	58889FD6DC9C4822B7143EFF8488E8E685FFFA7D	7B000AD9F074D3E63A6FA22B950000000AD9F0	good	-	-	1597891486.000000	1598237086.000000
1598052385.365107	FwufIj4UtDE1VYxrX5	sha1	4F0B5BD9B7DAAF9FB6F363722276D6E195AE2629	58889FD6DC9C4822B7143EFF8488E8E685FFFA7D	7B000AD9F074D3E63A6FA22B950000000AD9F0	good	-	-	1597884285.000000	1598229885.000000
1598052385.714705	FImLvW1Sb6AOnXdzj	sha1	4F0B5BD9B7DAAF9FB6F363722276D6E195AE2629	58889FD6DC9C4822B7143EFF8488E8E685FFFA7D	7B000AD9F074D3E63A6FA22B950000000AD9F0	good	-	-	1597884285.000000	1598229885.000000
1598052579.580383	FSANqa3qUIPIWNGUK4	sha1	4F0B5BD9B7DAAF9FB6F363722276D6E195AE2629	58889FD6DC9C4822B7143EFF8488E8E685FFFA7D	7B000AD9F074D3E63A6FA22B950000000AD9F0	good	-	-	1597884285.000000	1598229885.000000
1598054110.428010	FJthZD45GWw8jGs3W2	sha1	881A4A74FEFF4652F354BB510FD3A4EEEFE0A1C8	919E3B446C3D579C42772A34D74FD1CC4A972CDA	2000060F1B8EB1CE4263468342000000060F1B	good	-	-	1597971695.000000	1598317295.000000
1598055909.931573	FpVYYv1Rpqazq08el6	sha1	4F0B5BD9B7DAAF9FB6F363722276D6E195AE2629	58889FD6DC9C4822B7143EFF8488E8E685FFFA7D	61001E8E1DCB2EF16B4DF1666A0000001E8E1D	good	-	-	1597795501.000000	1598141101.000000
1598055985.700070	Fworlq2cAcGsffNFLg	sha1	4F0B5BD9B7DAAF9FB6F363722276D6E195AE2629	58889FD6DC9C4822B7143EFF8488E8E685FFFA7D	7B000AD9F074D3E63A6FA22B950000000AD9F0	good	-	-	1597891486.000000	1598237086.000000
1598055986.026162	FLP5md1tMJMjzu168	sha1	4F0B5BD9B7DAAF9FB6F363722276D6E195AE2629	58889FD6DC9C4822B7143EFF8488E8E685FFFA7D	7B000AD9F074D3E63A6FA22B950000000AD9F0	good	-	-	1597891486.000000	1598237086.000000
1598056179.919750	FYuoqX2QuKvfiTdbn6	sha1	4F0B5BD9B7DAAF9FB6F363722276D6E195AE2629	58889FD6DC9C4822B7143EFF8488E8E685FFFA7D	7B000AD9F074D3E63A6FA22B950000000AD9F0	good	-	-	1597884285.000000	1598229885.000000
1598056679.263851	FqbU7I1WOaR2HhaJjb	sha1	881A4A74FEFF4652F354BB510FD3A4EEEFE0A1C8	919E3B446C3D579C42772A34D74FD1CC4A972CDA	20000CAD65C40DFFE412D893EE0000000CAD65	good	-	-	1597961138.000000	1598306738.000000
1598056680.853547	Fz92Yu1Lc8XIMM2x74	sha1	5B8E319A1713A60702D0D414932E15458E3FBBD8	DB35445D2BEB53AF9E0BF5713DA39973AEFB5C53	05A3A30BC52C268BCB22ADC7B47D6E28	good	-	-	1597669740.000000	1598271840.000000
1598056680.934844	FRDUwK3vpHYInuM0ie	sha1	8051060132AD9AC27D5187A0E887FB01620155EE	03DE503556D14CBB66F0A3E21B1BC397B23DD155	0B5BF65B6BA7FBD08B290D904537DEE0	good	-	-	1598034838.000000	1598639638.000000
1598059586.038306	FN7tdI1BBFwdsBweTk	sha1	4F0B5BD9B7DAAF9FB6F363722276D6E195AE2629	58889FD6DC9C4822B7143EFF8488E8E685FFFA7D	7B000AD9F074D3E63A6FA22B950000000AD9F0	good	-	-	1597884285.000000	1598229885.000000
1598059586.412157	FRW6bjsG9Po7LLfLf	sha1	4F0B5BD9B7DAAF9FB6F363722276D6E195AE2629	58889FD6DC9C4822B7143EFF8488E8E685FFFA7D	7B000AD9F074D3E63A6FA22B950000000AD9F0	good	-	-	1597884285.000000	1598229885.000000
1598059780.265640	FF6PM74ve6PRrE4gB9	sha1	4F0B5BD9B7DAAF9FB6F363722276D6E195AE2629	58889FD6DC9C4822B7143EFF8488E8E685FFFA7D	7B000AD9F074D3E63A6FA22B950000000AD9F0	good	-	-	1597884285.000000	1598229885.000000
1598060097.529417	FQ2E3G1YRSHe0SRc76	sha1	881A4A74FEFF4652F354BB510FD3A4EEEFE0A1C8	919E3B446C3D579C42772A34D74FD1CC4A972CDA	20000CAD65C40DFFE412D893EE0000000CAD65	good	-	-	1597961138.000000	1598306738.000000
1598060423.521193	FnXxLd2rGx7zeMxwS8	sha1	A303C0A8887BD479C4278EB5D7587D3C12C04DA4	FF2F7FE106F438F32DED258D98C2FE0EF66CFCFA	7F000000D09D83CFAFDBB0A5C10000000000D0	good	-	-	1597813616.000000	1598159216.000000
1598061221.379292	FEgVGi48aC53i4n5ia	sha1	105FA67A80089DB5279F35CE830B43889EA3C70D	0F80611C823161D52F28E78D4638B42CE1C6D9E2	0E307E089B4F8BA1FD8FF6954B004CFE	good	-	-	1597978262.000000	1598580362.000000
1598063111.389034	F50sco41kUtvq6GN9h	sha1	105FA67A80089DB5279F35CE830B43889EA3C70D	0F80611C823161D52F28E78D4638B42CE1C6D9E2	0E307E089B4F8BA1FD8FF6954B004CFE	good	-	-	1597891859.000000	1598493959.000000
1598063112.012891	F7LjG21bpH6Gd32vU9	sha1	2985FC613DBE2FB0120F5E420E4C9EC3D59EFD7C	08FE259F74EA8704C2BCBB8EA8385F33C6D16C65	2D00111F25417C348DD680657C000000111F25	good	-	-	1597770015.000000	1598115615.000000
1598063186.415976	F2w59I3vMWUUfprDcb	sha1	4F0B5BD9B7DAAF9FB6F363722276D6E195AE2629	58889FD6DC9C4822B7143EFF8488E8E685FFFA7D	7B000AD9F074D3E63A6FA22B950000000AD9F0	good	-	-	1597891486.000000	1598237086.000000
1598063186.770327	FodStX1mdaATA3Tsej	sha1	4F0B5BD9B7DAAF9FB6F363722276D6E195AE2629	58889FD6DC9C4822B7143EFF8488E8E685FFFA7D	7B000AD9F074D3E63A6FA22B950000000AD9F0	good	-	-	1597891486.000000	1598237086.000000
1598063380.593311	Fgl5yA3ie2Jvtqwjh3	sha1	4F0B5BD9B7DAAF9FB6F363722276D6E195AE2629	58889FD6DC9C4822B7143EFF8488E8E685FFFA7D	7B000AD9F074D3E63A6FA22B950000000AD9F0	good	-	-	1597891486.000000	1598237086.000000
1598063401.144245	F8GubY3vawgX95AWok	sha1	881A4A74FEFF4652F354BB510FD3A4EEEFE0A1C8	919E3B446C3D579C42772A34D74FD1CC4A972CDA	20000724B9FB0DC5E9394898F30000000724B9	good	-	-	1597990391.000000	1598335991.000000
1598063401.399611	Fed10i2yrLfX6vo6Bg	sha1	2985FC613DBE2FB0120F5E420E4C9EC3D59EFD7C	08FE259F74EA8704C2BCBB8EA8385F33C6D16C65	2D000BD0C405D7AFE62C49B9D10000000BD0C4	good	-	-	1598014812.000000	1598360412.000000
1598064910.581103	Feuh2C4GC9QJSUwzwk	sha1	881A4A74FEFF4652F354BB510FD3A4EEEFE0A1C8	919E3B446C3D579C42772A34D74FD1CC4A972CDA	2000060F1B8EB1CE4263468342000000060F1B	good	-	-	1598029309.000000	1598374909.000000
1598066786.784229	FifQ2u1xqGr2PM6zlf	sha1	4F0B5BD9B7DAAF9FB6F363722276D6E195AE2629	58889FD6DC9C4822B7143EFF8488E8E685FFFA7D	7B000AD9F074D3E63A6FA22B950000000AD9F0	good	-	-	1597884285.000000	1598229885.000000
1598066787.182197	Fpm2j01ynMyq2syGj1	sha1	4F0B5BD9B7DAAF9FB6F363722276D6E195AE2629	58889FD6DC9C4822B7143EFF8488E8E685FFFA7D	7B000AD9F074D3E63A6FA22B950000000AD9F0	good	-	-	1597891486.000000	1598237086.000000
1598066980.930048	FBbq2r32yVxVp8A4a	sha1	4F0B5BD9B7DAAF9FB6F363722276D6E195AE2629	58889FD6DC9C4822B7143EFF8488E8E685FFFA7D	7B000AD9F074D3E63A6FA22B950000000AD9F0	good	-	-	1597891486.000000	1598237086.000000
1598069410.068607	FxdtTD3gLVNqXGn2bc	sha1	4F0B5BD9B7DAAF9FB6F363722276D6E195AE2629	58889FD6DC9C4822B7143EFF8488E8E685FFFA7D	61001E8E1DCB2EF16B4DF1666A0000001E8E1D	good	-	-	1597925133.000000	1598270733.000000
1598070387.178170	FwelRU1mkVuz0AoWUj	sha1	4F0B5BD9B7DAAF9FB6F363722276D6E195AE2629	58889FD6DC9C4822B7143EFF8488E8E685FFFA7D	7B000AD9F074D3E63A6FA22B950000000AD9F0	good	-	-	1597884285.000000	1598229885.000000
1598070387.560060	Fdu9pV2SQhk2lKB44i	sha1	4F0B5BD9B7DAAF9FB6F363722276D6E195AE2629	58889FD6DC9C4822B7143EFF8488E8E685FFFA7D	7B000AD9F074D3E63A6FA22B950000000AD9F0	good	-	-	1597891486.000000	1598237086.000000
1598070581.307150	F2Wvh24IBLOf8q5Und	sha1	4F0B5BD9B7DAAF9FB6F363722276D6E195AE2629	58889FD6DC9C4822B7143EFF8488E8E685FFFA7D	7B000AD9F074D3E63A6FA22B950000000AD9F0	good	-	-	1597891486.000000	1598237086.000000
1598073913.512318	F4Yx032d6CvIpFPno7	sha1	881A4A74FEFF4652F354BB510FD3A4EEEFE0A1C8	919E3B446C3D579C42772A34D74FD1CC4A972CDA	20000CAD65C40DFFE412D893EE0000000CAD65	good	-	-	1597961138.000000	1598306738.000000
1598073913.762569	FjFk8V2UDFsgoPcnb1	sha1	881A4A74FEFF4652F354BB510FD3A4EEEFE0A1C8	919E3B446C3D579C42772A34D74FD1CC4A972CDA	20000E882B7C2A4B5F92E5EA750000000E882B	good	-	-	1597759652.000000	1598105252.000000
1598073987.567554	FVMx9Roxul8du9IQ8	sha1	4F0B5BD9B7DAAF9FB6F363722276D6E195AE2629	58889FD6DC9C4822B7143EFF8488E8E685FFFA7D	7B000AD9F074D3E63A6FA22B950000000AD9F0	good	-	-	1597884285.000000	1598229885.000000
1598073987.908552	FZo2op1DMQjnvpHF66	sha1	4F0B5BD9B7DAAF9FB6F363722276D6E195AE2629	58889FD6DC9C4822B7143EFF8488E8E685FFFA7D	7B000AD9F074D3E63A6FA22B950000000AD9F0	good	-	-	1597891486.000000	1598237086.000000
1598074181.632307	Ft6XV94hZLEvvaqwJ5	sha1	4F0B5BD9B7DAAF9FB6F363722276D6E195AE2629	58889FD6DC9C4822B7143EFF8488E8E685FFFA7D	7B000AD9F074D3E63A6FA22B950000000AD9F0	good	-	-	1597891486.000000	1598237086.000000
1598074505.069013	FTR6Wo1WymDAMywnF2	sha1	105FA67A80089DB5279F35CE830B43889EA3C70D	0F80611C823161D52F28E78D4638B42CE1C6D9E2	0E307E089B4F8BA1FD8FF6954B004CFE	good	-	-	1597978262.000000	1598580362.000000
1598074505.420472	Fk2rhVAB7VG3Uz8e9	sha1	881A4A74FEFF4652F354BB510FD3A4EEEFE0A1C8	919E3B446C3D579C42772A34D74FD1CC4A972CDA	20000CAD65C40DFFE412D893EE0000000CAD65	good	-	-	1597961138.000000	1598306738.000000
1598075710.604948	FIr8v42bqomBRCOQTl	sha1	881A4A74FEFF4652F354BB510FD3A4EEEFE0A1C8	919E3B446C3D579C42772A34D74FD1CC4A972CDA	2000060F1B8EB1CE4263468342000000060F1B	good	-	-	1597856461.000000	1598202061.000000
1598077587.913944	FJd5jR3B3P4JNFszla	sha1	4F0B5BD9B7DAAF9FB6F363722276D6E195AE2629	58889FD6DC9C4822B7143EFF8488E8E685FFFA7D	7B000AD9F074D3E63A6FA22B950000000AD9F0	good	-	-	1597891486.000000	1598237086.000000
1598077588.319513	F8aTpv92M2zFHsTRi	sha1	4F0B5BD9B7DAAF9FB6F363722276D6E195AE2629	58889FD6DC9C4822B7143EFF8488E8E685FFFA7D	7B000AD9F074D3E63A6FA22B950000000AD9F0	good	-	-	1597891486.000000	1598237086.000000
1598077782.014576	FR3vnJ1p2hqH1pjvd	sha1	4F0B5BD9B7DAAF9FB6F363722276D6E195AE2629	58889FD6DC9C4822B7143EFF8488E8E685FFFA7D	7B000AD9F074D3E63A6FA22B950000000AD9F0	good	-	-	1597891486.000000	1598237086.000000
1598078289.204282	FhyRiw21ZDKNU8kPA4	sha1	881A4A74FEFF4652F354BB510FD3A4EEEFE0A1C8	919E3B446C3D579C42772A34D74FD1CC4A972CDA	20000CAD65C40DFFE412D893EE0000000CAD65	good	-	-	1597961138.000000	1598306738.000000
1598078694.538356	F3JeyCldXbjvoJmA2	sha1	105FA67A80089DB5279F35CE830B43889EA3C70D	0F80611C823161D52F28E78D4638B42CE1C6D9E2	0E307E089B4F8BA1FD8FF6954B004CFE	good	-	-	1597805461.000000	1598407561.000000
1598081188.335127	Fyatro3fhN1iBeTf47	sha1	4F0B5BD9B7DAAF9FB6F363722276D6E195AE2629	58889FD6DC9C4822B7143EFF8488E8E685FFFA7D	7B000AD9F074D3E63A6FA22B950000000AD9F0	good	-	-	1597891486.000000	1598237086.000000
1598081188.750096	FVN0MWE92FJYBaK6f	sha1	4F0B5BD9B7DAAF9FB6F363722276D6E195AE2629	58889FD6DC9C4822B7143EFF8488E8E685FFFA7D	7B000AD9F074D3E63A6FA22B950000000AD9F0	good	-	-	1597884285.000000	1598229885.000000
1598081382.381921	FF1EpDvdxYKyF8Rpk	sha1	4F0B5BD9B7DAAF9FB6F363722276D6E195AE2629	58889FD6DC9C4822B7143EFF8488E8E685FFFA7D	7B000AD9F074D3E63A6FA22B950000000AD9F0	good	-	-	1597891486.000000	1598237086.000000
1598084710.260697	FhbMYQ1IeBfVC4bNz1	sha1	4F0B5BD9B7DAAF9FB6F363722276D6E195AE2629	58889FD6DC9C4822B7143EFF8488E8E685FFFA7D	61001E8E1DCB2EF16B4DF1666A0000001E8E1D	good	-	-	1598018772.000000	1598364372.000000
1598084788.753719	FqHDzc2uTc7ySlhL96	sha1	4F0B5BD9B7DAAF9FB6F363722276D6E195AE2629	58889FD6DC9C4822B7143EFF8488E8E685FFFA7D	7B000AD9F074D3E63A6FA22B950000000AD9F0	good	-	-	1597884285.000000	1598229885.000000
1598084789.079533	F1Wdb93JqKsgXrOC5	sha1	4F0B5BD9B7DAAF9FB6F363722276D6E195AE2629	58889FD6DC9C4822B7143EFF8488E8E685FFFA7D	7B000AD9F074D3E63A6FA22B950000000AD9F0	good	-	-	1597884285.000000	1598229885.000000
1598084982.713769	Faueh42FGEiHPXT7l	sha1	4F0B5BD9B7DAAF9FB6F363722276D6E195AE2629	58889FD6DC9C4822B7143EFF8488E8E685FFFA7D	7B000AD9F074D3E63A6FA22B950000000AD9F0	good	-	-	1597891486.000000	1598237086.000000
1598085832.962435	F75nVg9JNet0riXB5	sha1	105FA67A80089DB5279F35CE830B43889EA3C70D	0F80611C823161D52F28E78D4638B42CE1C6D9E2	0E307E089B4F8BA1FD8FF6954B004CFE	good	-	-	1597805461.000000	1598407561.000000
1598085875.269872	FKYXCq4ZcPVUIsB9wb	sha1	2985FC613DBE2FB0120F5E420E4C9EC3D59EFD7C	08FE259F74EA8704C2BCBB8EA8385F33C6D16C65	2D000B030BC26D976CDF4092340000000B030B	good	-	-	1597777228.000000	1598122828.000000
1598086510.705088	FgUus11IbPb6yKZPzk	sha1	881A4A74FEFF4652F354BB510FD3A4EEEFE0A1C8	919E3B446C3D579C42772A34D74FD1CC4A972CDA	2000060F1B8EB1CE4263468342000000060F1B	good	-	-	1597986097.000000	1598331697.000000
1598088389.079398	FxXU763bXUSFYBkpDb	sha1	4F0B5BD9B7DAAF9FB6F363722276D6E195AE2629	58889FD6DC9C4822B7143EFF8488E8E685FFFA7D	7B000AD9F074D3E63A6FA22B950000000AD9F0	good	-	-	1597884285.000000	1598229885.000000
1598088389.404183	FBl5DT1j7JEW3ZXdai	sha1	4F0B5BD9B7DAAF9FB6F363722276D6E195AE2629	58889FD6DC9C4822B7143EFF8488E8E685FFFA7D	7B000AD9F074D3E63A6FA22B950000000AD9F0	good	-	-	1597884285.000000	1598229885.000000
1598088583.045050	Ffrlo93czwVfgEqA99	sha1	4F0B5BD9B7DAAF9FB6F363722276D6E195AE2629	58889FD6DC9C4822B7143EFF8488E8E685FFFA7D	7B000AD9F074D3E63A6FA22B950000000AD9F0	good	-	-	1597884285.000000	1598229885.000000
1598088936.915752	FxhpzM13SIKvR2x1Rg	sha1	881A4A74FEFF4652F354BB510FD3A4EEEFE0A1C8	919E3B446C3D579C42772A34D74FD1CC4A972CDA	20000CAD65C40DFFE412D893EE0000000CAD65	good	-	-	1597961138.000000	1598306738.000000
1598088969.860882	F6MVY71R9gwwSvwzU6	sha1	881A4A74FEFF4652F354BB510FD3A4EEEFE0A1C8	919E3B446C3D579C42772A34D74FD1CC4A972CDA	20000CAD65C40DFFE412D893EE0000000CAD65	good	-	-	1597961138.000000	1598306738.000000
1598088970.159840	F1im6F1JnY7pCiQNK9	sha1	881A4A74FEFF4652F354BB510FD3A4EEEFE0A1C8	919E3B446C3D579C42772A34D74FD1CC4A972CDA	20000E882B7C2A4B5F92E5EA750000000E882B	good	-	-	1597954157.000000	1598299757.000000
1598089893.118183	F4uBMD4UoID5nrXmCf	sha1	105FA67A80089DB5279F35CE830B43889EA3C70D	0F80611C823161D52F28E78D4638B42CE1C6D9E2	0E307E089B4F8BA1FD8FF6954B004CFE	good	-	-	1597891859.000000	1598493959.000000
1598089893.518181	FzXxQh41gJ2SGCCkpf	sha1	105FA67A80089DB5279F35CE830B43889EA3C70D	0F80611C823161D52F28E78D4638B42CE1C6D9E2	0E307E089B4F8BA1FD8FF6954B004CFE	good	-	-	1597891859.000000	1598493959.000000
1598089990.065232	Fl3Dh599TQcRQIgte	sha1	2985FC613DBE2FB0120F5E420E4C9EC3D59EFD7C	08FE259F74EA8704C2BCBB8EA8385F33C6D16C65	6E0015F44456CF270CCED5E1AE00000015F444	good	-	-	1597801244.000000	1598146844.000000
1598091989.427348	FkOtyMLFRost2HZej	sha1	4F0B5BD9B7DAAF9FB6F363722276D6E195AE2629	58889FD6DC9C4822B7143EFF8488E8E685FFFA7D	7B000AD9F074D3E63A6FA22B950000000AD9F0	good	-	-	1597891486.000000	1598237086.000000
1598091989.786882	FvbJGC4C3nzRO3sA4j	sha1	4F0B5BD9B7DAAF9FB6F363722276D6E195AE2629	58889FD6DC9C4822B7143EFF8488E8E685FFFA7D	7B000AD9F074D3E63A6FA22B950000000AD9F0	good	-	-	1597891486.000000	1598237086.000000
1598092183.388010	Fjsicg2bs6f9aohyMj	sha1	4F0B5BD9B7DAAF9FB6F363722276D6E195AE2629	58889FD6DC9C4822B7143EFF8488E8E685FFFA7D	7B000AD9F074D3E63A6FA22B950000000AD9F0	good	-	-	1597884285.000000	1598229885.000000
1598095589.828121	FfTLL3nK4Ftz2GKrg	sha1	4F0B5BD9B7DAAF9FB6F363722276D6E195AE2629	58889FD6DC9C4822B7143EFF8488E8E685FFFA7D	7B000AD9F074D3E63A6FA22B950000000AD9F0	good	-	-	1597891486.000000	1598237086.000000
1598095590.243092	FbuYcW2oNDjJNVN6Cb	sha1	4F0B5BD9B7DAAF9FB6F363722276D6E195AE2629	58889FD6DC9C4822B7143EFF8488E8E685FFFA7D	7B000AD9F074D3E63A6FA22B950000000AD9F0	good	-	-	1597884285.000000	1598229885.000000
1598095783.716678	FvtzdkagqiSP9W2ze	sha1	4F0B5BD9B7DAAF9FB6F363722276D6E195AE2629	58889FD6DC9C4822B7143EFF8488E8E685FFFA7D	7B000AD9F074D3E63A6FA22B950000000AD9F0	good	-	-	1597884285.000000	1598229885.000000
1598097311.300612	FZzaAF2VoGcRA8uP8	sha1	105FA67A80089DB5279F35CE830B43889EA3C70D	0F80611C823161D52F28E78D4638B42CE1C6D9E2	0E307E089B4F8BA1FD8FF6954B004CFE	good	-	-	1597978262.000000	1598580362.000000
1598097311.747752	F3INA81KJbtSNUZtEg	sha1	881A4A74FEFF4652F354BB510FD3A4EEEFE0A1C8	919E3B446C3D579C42772A34D74FD1CC4A972CDA	2000060F1B8EB1CE4263468342000000060F1B	good	-	-	1597820456.000000	1598166056.000000
1598099190.167344	FcIsfs4nVrNvUK4vt2	sha1	4F0B5BD9B7DAAF9FB6F363722276D6E195AE2629	58889FD6DC9C4822B7143EFF8488E8E685FFFA7D	7B000AD9F074D3E63A6FA22B950000000AD9F0	good	-	-	1597891486.000000	1598237086.000000
1598099190.493326	FTVKOs1IlGoHnG0GW2	sha1	4F0B5BD9B7DAAF9FB6F363722276D6E195AE2629	58889FD6DC9C4822B7143EFF8488E8E685FFFA7D	7B000AD9F074D3E63A6FA22B950000000AD9F0	good	-	-	1597884285.000000	1598229885.000000
1598099384.137609	FpCAZayOg7pXNY9a6	sha1	4F0B5BD9B7DAAF9FB6F363722276D6E195AE2629	58889FD6DC9C4822B7143EFF8488E8E685FFFA7D	7B000AD9F074D3E63A6FA22B950000000AD9F0	good	-	-	1597884285.000000	1598229885.000000
1598099943.370149	FSg1N13rntHAtQKZX2	sha1	4F0B5BD9B7DAAF9FB6F363722276D6E195AE2629	58889FD6DC9C4822B7143EFF8488E8E685FFFA7D	61001E8E1DCB2EF16B4DF1666A0000001E8E1D	good	-	-	1597932334.000000	1598277934.000000
1598099943.735822	FGxgso32T4ENCtGyA5	sha1	881A4A74FEFF4652F354BB510FD3A4EEEFE0A1C8	919E3B446C3D579C42772A34D74FD1CC4A972CDA	20000CAD65C40DFFE412D893EE0000000CAD65	good	-	-	1597968340.000000	1598313940.000000
1598102790.504824	F7Lq7E1S7nhJhOXpH2	sha1	4F0B5BD9B7DAAF9FB6F363722276D6E195AE2629	58889FD6DC9C4822B7143EFF8488E8E685FFFA7D	7B000AD9F074D3E63A6FA22B950000000AD9F0	good	-	-	1597884285.000000	1598229885.000000
1598102790.857718	F7eK8X3RQTPBtjFNe9	sha1	4F0B5BD9B7DAAF9FB6F363722276D6E195AE2629	58889FD6DC9C4822B7143EFF8488E8E685FFFA7D	7B000AD9F074D3E63A6FA22B950000000AD9F0	good	-	-	1597884285.000000	1598229885.000000
1598102984.550943	FoHVr138NPnKGgdCR	sha1	4F0B5BD9B7DAAF9FB6F363722276D6E195AE2629	58889FD6DC9C4822B7143EFF8488E8E685FFFA7D	7B000AD9F074D3E63A6FA22B950000000AD9F0	good	-	-	1597884285.000000	1598229885.000000
1598103368.181951	FSUVLD1khSHcjKoiGg	sha1	881A4A74FEFF4652F354BB510FD3A4EEEFE0A1C8	919E3B446C3D579C42772A34D74FD1CC4A972CDA	20000CAD65C40DFFE412D893EE0000000CAD65	good	-	-	1597961138.000000	1598306738.000000
1598106390.880880	FCYlx01giUZMkPNcB7	sha1	4F0B5BD9B7DAAF9FB6F363722276D6E195AE2629	58889FD6DC9C4822B7143EFF8488E8E685FFFA7D	7B000AD9F074D3E63A6FA22B950000000AD9F0	good	-	-	1597884285.000000	1598229885.000000
1598106391.207838	F4QNmk42yRIdmv48J8	sha1	4F0B5BD9B7DAAF9FB6F363722276D6E195AE2629	58889FD6DC9C4822B7143EFF8488E8E685FFFA7D	7B000AD9F074D3E63A6FA22B950000000AD9F0	good	-	-	1597884285.000000	1598229885.000000
1598106584.888825	FOAPjv4kKtqfwclVw4	sha1	4F0B5BD9B7DAAF9FB6F363722276D6E195AE2629	58889FD6DC9C4822B7143EFF8488E8E685FFFA7D	7B000AD9F074D3E63A6FA22B950000000AD9F0	good	-	-	1597891486.000000	1598237086.000000
1598108110.920137	FyFgrJ1h2O73fAmWa3	sha1	881A4A74FEFF4652F354BB510FD3A4EEEFE0A1C8	919E3B446C3D579C42772A34D74FD1CC4A972CDA	2000060F1B8EB1CE4263468342000000060F1B	good	-	-	1597978896.000000	1598324496.000000
1598109575.980551	FJ5Tgh25idBDwC20q4	sha1	881A4A74FEFF4652F354BB510FD3A4EEEFE0A1C8	919E3B446C3D579C42772A34D74FD1CC4A972CDA	20000CAD65C40DFFE412D893EE0000000CAD65	good	-	-	1597961138.000000	1598306738.000000
1598109576.235407	FMe6BB3vpwCBr5NeC	sha1	881A4A74FEFF4652F354BB510FD3A4EEEFE0A1C8	919E3B446C3D579C42772A34D74FD1CC4A972CDA	20000E882B7C2A4B5F92E5EA750000000E882B	good	-	-	1597874912.000000	1598220512.000000
1598109991.223833	FS7LxEYFlPIhlPI43	sha1	4F0B5BD9B7DAAF9FB6F363722276D6E195AE2629	58889FD6DC9C4822B7143EFF8488E8E685FFFA7D	7B000AD9F074D3E63A6FA22B950000000AD9F0	good	-	-	1597884285.000000	1598229885.000000
1598109991.643889	Ftn7qFeFKfEeRqQi6	sha1	4F0B5BD9B7DAAF9FB6F363722276D6E195AE2629	58889FD6DC9C4822B7143EFF8488E8E685FFFA7D	7B000AD9F074D3E63A6FA22B950000000AD9F0	good	-	-	1597891486.000000	1598237086.000000
1598110051.301874	FtD0dH3wXLoY1UOXF5	sha1	C12F4576ED1559ECB05DBA89BF9D8078E523D413	E59D5930824758CCACFA085436867B3AB5044DF0	0F14965F202069994FD5C7AC788941E2	good	-	-	1595372400.000000	1610924400.000000
1598110185.342848	FoCKAr4ir1P2pzbR4d	sha1	4F0B5BD9B7DAAF9FB6F363722276D6E195AE2629	58889FD6DC9C4822B7143EFF8488E8E685FFFA7D	7B000AD9F074D3E63A6FA22B950000000AD9F0	good	-	-	1597891486.000000	1598237086.000000
1598113207.028631	FEGGcu4s3DB780Nydg	sha1	4F0B5BD9B7DAAF9FB6F363722276D6E195AE2629	58889FD6DC9C4822B7143EFF8488E8E685FFFA7D	61001E8E1DCB2EF16B4DF1666A0000001E8E1D	good	-	-	1597795501.000000	1598141101.000000
1598113207.522018	FjoLQt23eGNh7ETsi6	sha1	881A4A74FEFF4652F354BB510FD3A4EEEFE0A1C8	919E3B446C3D579C42772A34D74FD1CC4A972CDA	20000CAD65C40DFFE412D893EE0000000CAD65	good	-	-	1597968340.000000	1598313940.000000
1598113208.067648	FxVDk01NfxScJRZnCk	sha1	881A4A74FEFF4652F354BB510FD3A4EEEFE0A1C8	919E3B446C3D579C42772A34D74FD1CC4A972CDA	20000E882B7C2A4B5F92E5EA750000000E882B	good	-	-	1597846107.000000	1598191707.000000
1598113209.796906	FMkTME7vX8R9dETR	sha1	5B8E319A1713A60702D0D414932E15458E3FBBD8	DB35445D2BEB53AF9E0BF5713DA39973AEFB5C53	05A3A30BC52C268BCB22ADC7B47D6E28	good	-	-	1597756142.000000	1598358242.000000
1598113514.384955	FcvaKA4h49Dq2Vxqb7	sha1	105FA67A80089DB5279F35CE830B43889EA3C70D	0F80611C823161D52F28E78D4638B42CE1C6D9E2	0E307E089B4F8BA1FD8FF6954B004CFE	good	-	-	1597805461.000000	1598407561.000000
1598113591.648902	FUbZaq2tsx3YHtzSS7	sha1	4F0B5BD9B7DAAF9FB6F363722276D6E195AE2629	58889FD6DC9C4822B7143EFF8488E8E685FFFA7D	7B000AD9F074D3E63A6FA22B950000000AD9F0	good	-	-	1597891486.000000	1598237086.000000
1598113592.024799	FpawSH3tZWf3C1O04h	sha1	4F0B5BD9B7DAAF9FB6F363722276D6E195AE2629	58889FD6DC9C4822B7143EFF8488E8E685FFFA7D	7B000AD9F074D3E63A6FA22B950000000AD9F0	good	-	-	1597884285.000000	1598229885.000000
1598113785.682471	FCQd791hY1AwpiOvcl	sha1	4F0B5BD9B7DAAF9FB6F363722276D6E195AE2629	58889FD6DC9C4822B7143EFF8488E8E685FFFA7D	7B000AD9F074D3E63A6FA22B950000000AD9F0	good	-	-	1597884285.000000	1598229885.000000
1598117192.038183	FlZu234O0S56PTinyb	sha1	4F0B5BD9B7DAAF9FB6F363722276D6E195AE2629	58889FD6DC9C4822B7143EFF8488E8E685FFFA7D	7B000AD9F074D3E63A6FA22B950000000AD9F0	good	-	-	1597891486.000000	1598237086.000000
1598117192.363233	FNAPCG3bfP9zsuRM42	sha1	4F0B5BD9B7DAAF9FB6F363722276D6E195AE2629	58889FD6DC9C4822B7143EFF8488E8E685FFFA7D	7B000AD9F074D3E63A6FA22B950000000AD9F0	good	-	-	1597891486.000000	1598237086.000000
1598117386.074865	FIl1YE3teuJWerHAng	sha1	4F0B5BD9B7DAAF9FB6F363722276D6E195AE2629	58889FD6DC9C4822B7143EFF8488E8E685FFFA7D	7B000AD9F074D3E63A6FA22B950000000AD9F0	good	-	-	1597884285.000000	1598229885.000000
1598117797.499450	Fdc4dC2sWFjqMay5Ia	sha1	881A4A74FEFF4652F354BB510FD3A4EEEFE0A1C8	919E3B446C3D579C42772A34D74FD1CC4A972CDA	20000CAD65C40DFFE412D893EE0000000CAD65	good	-	-	1597961138.000000	1598306738.000000
1598117830.523116	FmwcBo3cc1jRDO8WI8	sha1	881A4A74FEFF4652F354BB510FD3A4EEEFE0A1C8	919E3B446C3D579C42772A34D74FD1CC4A972CDA	20000CAD65C40DFFE412D893EE0000000CAD65	good	-	-	1597968340.000000	1598313940.000000
1598117830.829233	FFTvpNq0vUFAZB7s3	sha1	881A4A74FEFF4652F354BB510FD3A4EEEFE0A1C8	919E3B446C3D579C42772A34D74FD1CC4A972CDA	20000E882B7C2A4B5F92E5EA750000000E882B	good	-	-	1598105451.000000	1598451051.000000
1598118911.257096	FGvD7y4pNfFWeGMtzk	sha1	881A4A74FEFF4652F354BB510FD3A4EEEFE0A1C8	919E3B446C3D579C42772A34D74FD1CC4A972CDA	2000060F1B8EB1CE4263468342000000060F1B	good	-	-	1597978896.000000	1598324496.000000
1598120592.104557	F4DqSmzsguOod0Nkk	sha1	A303C0A8887BD479C4278EB5D7587D3C12C04DA4	FF2F7FE106F438F32DED258D98C2FE0EF66CFCFA	7F000000D09D83CFAFDBB0A5C10000000000D0	good	-	-	1598015352.000000	1598360952.000000
1598120792.383075	FhxdAj7znDKDekDak	sha1	4F0B5BD9B7DAAF9FB6F363722276D6E195AE2629	58889FD6DC9C4822B7143EFF8488E8E685FFFA7D	7B000AD9F074D3E63A6FA22B950000000AD9F0	good	-	-	1597891486.000000	1598237086.000000
1598120792.742447	FIoTUXGGjSHXjdBla	sha1	4F0B5BD9B7DAAF9FB6F363722276D6E195AE2629	58889FD6DC9C4822B7143EFF8488E8E685FFFA7D	7B000AD9F074D3E63A6FA22B950000000AD9F0	good	-	-	1597891486.000000	1598237086.000000
1598120986.456966	FpPx8Y3mxNQS5BynX4	sha1	4F0B5BD9B7DAAF9FB6F363722276D6E195AE2629	58889FD6DC9C4822B7143EFF8488E8E685FFFA7D	7B000AD9F074D3E63A6FA22B950000000AD9F0	good	-	-	1597891486.000000	1598237086.000000
1598121438.384891	FezvGd4TljdCQgsnC7	sha1	12D78B402C356206FA827F8ED8922411B4ACF504	A5CE37EAEBB0750E946788B445FAD9241087961F	01A251BEA0849DC1EA869BFEE90B8D5A	good	-	-	1598078701.000000	1598680801.000000
#close	2025-09-17-15-39-36
